<?xml version="1.0" encoding="UTF-8"?>
<testsuite xmlns:xsi="http://www.w3.org/2001/XMLSchema-instance" xsi:noNamespaceSchemaLocation="https://maven.apache.org/surefire/maven-surefire-plugin/xsd/surefire-test-report.xsd" name="TestSuite" time="1.297" tests="3" errors="0" skipped="0" failures="2">
  <properties>
[...]
</properties>
  <testcase name="testGetRequest" classname="com.simplilearn.mavenproject.ApiTest" time="0.992">
    <failure message="Connection refused: connect" type="java.net.ConnectException">java.net.ConnectException: Connection refused: connect
	at com.simplilearn.mavenproject.ApiTest.testGetRequest(ApiTest.java:26)
</failure>
  </testcase>
  <testcase name="testPostRequest" classname="com.simplilearn.mavenproject.ApiTest" time="0.003">
    <failure message="Cannot invoke &quot;io.restassured.response.ValidatableResponseOptions.contentType(io.restassured.http.ContentType)&quot; because the return value of &quot;com.simplilearn.mavenproject.ApiTest.given()&quot; is null" type="java.lang.NullPointerException">java.lang.NullPointerException: Cannot invoke "io.restassured.response.ValidatableResponseOptions.contentType(io.restassured.http.ContentType)" because the return value of "com.simplilearn.mavenproject.ApiTest.given()" is null
	at com.simplilearn.mavenproject.ApiTest.testPostRequest(ApiTest.java:44)
</failure>
  </testcase>
  <testcase name="shouldAnswerWithTrue on shouldAnswerWithTrue(com.simplilearn.mavenproject.AppTest)" classname="com.simplilearn.mavenproject.AppTest" time="0.001"/>
</testsuite>